2014/01/26 06:13:27 [error] [exception.CHttpException.404] exception 'CHttpException' with message 'Unable to resolve the request "chuld/index".' in C:\wamp\www\yii\framework\web\CWebApplication.php:286
Stack trace:
#0 C:\wamp\www\yii\framework\web\CWebApplication.php(141): CWebApplication->runController('chuld/index')
#1 C:\wamp\www\yii\framework\base\CApplication.php(180): CWebApplication->processRequest()
#2 C:\wamp\www\Traia\index.php(13): CApplication->run()
#3 {main}
REQUEST_URI=/Traia/index.php?r=chuld/index
---
2014/01/26 06:27:08 [error] [exception.CException] exception 'CException' with message 'Property "CPortlet.data" is not defined.' in C:\wamp\www\yii\framework\base\CComponent.php:173
Stack trace:
#0 C:\wamp\www\yii\framework\web\CWidgetFactory.php(161): CComponent->__set('data', Object(User))
#1 C:\wamp\www\yii\framework\web\CBaseController.php(146): CWidgetFactory->createWidget(Object(UserController), 'zii.widgets.CPo...', Array)
#2 C:\wamp\www\yii\framework\web\CBaseController.php(172): CBaseController->createWidget('zii.widgets.CPo...', Array)
#3 C:\wamp\www\Traia\protected\views\user\view.php(33): CBaseController->widget('zii.widgets.CPo...', Array)
#4 C:\wamp\www\yii\framework\web\CBaseController.php(126): require('C:\wamp\www\Tra...')
#5 C:\wamp\www\yii\framework\web\CBaseController.php(95): CBaseController->renderInternal('C:\wamp\www\Tra...', Array, true)
#6 C:\wamp\www\yii\framework\web\CController.php(869): CBaseController->renderFile('C:\wamp\www\Tra...', Array, true)
#7 C:\wamp\www\yii\framework\web\CController.php(782): CController->renderPartial('view', Array, true)
#8 C:\wamp\www\Traia\protected\controllers\UserController.php(56): CController->render('view', Array)
#9 [internal function]: UserController->actionView('1')
#10 C:\wamp\www\yii\framework\web\actions\CAction.php(108): ReflectionMethod->invokeArgs(Object(UserController), Array)
#11 C:\wamp\www\yii\framework\web\actions\CInlineAction.php(47): CAction->runWithParamsInternal(Object(UserController), Object(ReflectionMethod), Array)
#12 C:\wamp\www\yii\framework\web\CController.php(308): CInlineAction->runWithParams(Array)
#13 C:\wamp\www\yii\framework\web\filters\CFilterChain.php(133): CController->runAction(Object(CInlineAction))
#14 C:\wamp\www\yii\framework\web\filters\CFilter.php(40): CFilterChain->run()
#15 C:\wamp\www\yii\framework\web\CController.php(1145): CFilter->filter(Object(CFilterChain))
#16 C:\wamp\www\yii\framework\web\filters\CInlineFilter.php(58): CController->filterAccessControl(Object(CFilterChain))
#17 C:\wamp\www\yii\framework\web\filters\CFilterChain.php(130): CInlineFilter->filter(Object(CFilterChain))
#18 C:\wamp\www\yii\framework\web\CController.php(291): CFilterChain->run()
#19 C:\wamp\www\yii\framework\web\CController.php(265): CController->runActionWithFilters(Object(CInlineAction), Array)
#20 C:\wamp\www\yii\framework\web\CWebApplication.php(282): CController->run('view')
#21 C:\wamp\www\yii\framework\web\CWebApplication.php(141): CWebApplication->runController('user/view')
#22 C:\wamp\www\yii\framework\base\CApplication.php(180): CWebApplication->processRequest()
#23 C:\wamp\www\Traia\index.php(13): CApplication->run()
#24 {main}
REQUEST_URI=/Traia/index.php?r=user/view&id=1
HTTP_REFERER=http://localhost/Traia/index.php?r=user/index
---
2014/03/18 11:36:50 [error] [system.db.CDbCommand] CDbCommand::fetchAll() failed: SQLSTATE[42S02]: Base table or view not found: 1146 Table 'raia.user' doesn't exist. The SQL statement executed was: SHOW FULL COLUMNS FROM `user`.
in C:\wamp\www\Traia\protected\controllers\UserController.php (136)
in C:\wamp\www\Traia\index.php (13)
2014/03/18 11:36:50 [error] [exception.CDbException] exception 'CDbException' with message 'The table "user" for active record class "User" cannot be found in the database.' in C:\wamp\www\yii\framework\db\ar\CActiveRecord.php:2362
Stack trace:
#0 C:\wamp\www\yii\framework\db\ar\CActiveRecord.php(411): CActiveRecordMetaData->__construct(Object(User))
#1 C:\wamp\www\yii\framework\db\ar\CActiveRecord.php(79): CActiveRecord->getMetaData()
#2 C:\wamp\www\Traia\protected\controllers\UserController.php(136): CActiveRecord->__construct('search')
#3 C:\wamp\www\yii\framework\web\actions\CInlineAction.php(49): UserController->actionAdmin()
#4 C:\wamp\www\yii\framework\web\CController.php(308): CInlineAction->runWithParams(Array)
#5 C:\wamp\www\yii\framework\web\filters\CFilterChain.php(133): CController->runAction(Object(CInlineAction))
#6 C:\wamp\www\yii\framework\web\filters\CFilter.php(40): CFilterChain->run()
#7 C:\wamp\www\yii\framework\web\CController.php(1145): CFilter->filter(Object(CFilterChain))
#8 C:\wamp\www\yii\framework\web\filters\CInlineFilter.php(58): CController->filterAccessControl(Object(CFilterChain))
#9 C:\wamp\www\yii\framework\web\filters\CFilterChain.php(130): CInlineFilter->filter(Object(CFilterChain))
#10 C:\wamp\www\yii\framework\web\CController.php(291): CFilterChain->run()
#11 C:\wamp\www\yii\framework\web\CController.php(265): CController->runActionWithFilters(Object(CInlineAction), Array)
#12 C:\wamp\www\yii\framework\web\CWebApplication.php(282): CController->run('admin')
#13 C:\wamp\www\yii\framework\web\CWebApplication.php(141): CWebApplication->runController('user/admin')
#14 C:\wamp\www\yii\framework\base\CApplication.php(180): CWebApplication->processRequest()
#15 C:\wamp\www\Traia\index.php(13): CApplication->run()
#16 {main}
REQUEST_URI=/Traia/index.php?r=user/admin
---
2014/03/18 11:41:46 [error] [system.db.CDbCommand] CDbCommand::fetchAll() failed: SQLSTATE[42S02]: Base table or view not found: 1146 Table 'raia.user' doesn't exist. The SQL statement executed was: SHOW FULL COLUMNS FROM `user`.
in C:\wamp\www\Traia\protected\controllers\UserController.php (136)
in C:\wamp\www\Traia\index.php (13)
2014/03/18 11:41:46 [error] [exception.CDbException] exception 'CDbException' with message 'The table "user" for active record class "User" cannot be found in the database.' in C:\wamp\www\yii\framework\db\ar\CActiveRecord.php:2362
Stack trace:
#0 C:\wamp\www\yii\framework\db\ar\CActiveRecord.php(411): CActiveRecordMetaData->__construct(Object(User))
#1 C:\wamp\www\yii\framework\db\ar\CActiveRecord.php(79): CActiveRecord->getMetaData()
#2 C:\wamp\www\Traia\protected\controllers\UserController.php(136): CActiveRecord->__construct('search')
#3 C:\wamp\www\yii\framework\web\actions\CInlineAction.php(49): UserController->actionAdmin()
#4 C:\wamp\www\yii\framework\web\CController.php(308): CInlineAction->runWithParams(Array)
#5 C:\wamp\www\yii\framework\web\filters\CFilterChain.php(133): CController->runAction(Object(CInlineAction))
#6 C:\wamp\www\yii\framework\web\filters\CFilter.php(40): CFilterChain->run()
#7 C:\wamp\www\yii\framework\web\CController.php(1145): CFilter->filter(Object(CFilterChain))
#8 C:\wamp\www\yii\framework\web\filters\CInlineFilter.php(58): CController->filterAccessControl(Object(CFilterChain))
#9 C:\wamp\www\yii\framework\web\filters\CFilterChain.php(130): CInlineFilter->filter(Object(CFilterChain))
#10 C:\wamp\www\yii\framework\web\CController.php(291): CFilterChain->run()
#11 C:\wamp\www\yii\framework\web\CController.php(265): CController->runActionWithFilters(Object(CInlineAction), Array)
#12 C:\wamp\www\yii\framework\web\CWebApplication.php(282): CController->run('admin')
#13 C:\wamp\www\yii\framework\web\CWebApplication.php(141): CWebApplication->runController('user/admin')
#14 C:\wamp\www\yii\framework\base\CApplication.php(180): CWebApplication->processRequest()
#15 C:\wamp\www\Traia\index.php(13): CApplication->run()
#16 {main}
REQUEST_URI=/Traia/index.php?r=user/admin
---
2014/03/18 11:46:56 [error] [system.db.CDbCommand] CDbCommand::fetchAll() failed: SQLSTATE[42S02]: Base table or view not found: 1146 Table 'raia.user' doesn't exist. The SQL statement executed was: SHOW FULL COLUMNS FROM `user`.
in C:\wamp\www\Traia\protected\controllers\UserController.php (136)
in C:\wamp\www\Traia\index.php (13)
2014/03/18 11:46:56 [error] [exception.CDbException] exception 'CDbException' with message 'The table "user" for active record class "User" cannot be found in the database.' in C:\wamp\www\yii\framework\db\ar\CActiveRecord.php:2362
Stack trace:
#0 C:\wamp\www\yii\framework\db\ar\CActiveRecord.php(411): CActiveRecordMetaData->__construct(Object(User))
#1 C:\wamp\www\yii\framework\db\ar\CActiveRecord.php(79): CActiveRecord->getMetaData()
#2 C:\wamp\www\Traia\protected\controllers\UserController.php(136): CActiveRecord->__construct('search')
#3 C:\wamp\www\yii\framework\web\actions\CInlineAction.php(49): UserController->actionAdmin()
#4 C:\wamp\www\yii\framework\web\CController.php(308): CInlineAction->runWithParams(Array)
#5 C:\wamp\www\yii\framework\web\filters\CFilterChain.php(133): CController->runAction(Object(CInlineAction))
#6 C:\wamp\www\yii\framework\web\filters\CFilter.php(40): CFilterChain->run()
#7 C:\wamp\www\yii\framework\web\CController.php(1145): CFilter->filter(Object(CFilterChain))
#8 C:\wamp\www\yii\framework\web\filters\CInlineFilter.php(58): CController->filterAccessControl(Object(CFilterChain))
#9 C:\wamp\www\yii\framework\web\filters\CFilterChain.php(130): CInlineFilter->filter(Object(CFilterChain))
#10 C:\wamp\www\yii\framework\web\CController.php(291): CFilterChain->run()
#11 C:\wamp\www\yii\framework\web\CController.php(265): CController->runActionWithFilters(Object(CInlineAction), Array)
#12 C:\wamp\www\yii\framework\web\CWebApplication.php(282): CController->run('admin')
#13 C:\wamp\www\yii\framework\web\CWebApplication.php(141): CWebApplication->runController('user/admin')
#14 C:\wamp\www\yii\framework\base\CApplication.php(180): CWebApplication->processRequest()
#15 C:\wamp\www\Traia\index.php(13): CApplication->run()
#16 {main}
REQUEST_URI=/Traia/index.php?r=user/admin
---
2014/07/19 07:50:24 [error] [exception.CException] exception 'CException' with message 'Property "User.usID" is not defined.' in C:\wamp\www\yii\framework\base\CComponent.php:130
Stack trace:
#0 C:\wamp\www\yii\framework\db\ar\CActiveRecord.php(145): CComponent->__get('usID')
#1 C:\wamp\www\naserian\protected\views\user\_view.php(9): CActiveRecord->__get('usID')
#2 C:\wamp\www\yii\framework\web\CBaseController.php(130): require('C:\wamp\www\nas...')
#3 C:\wamp\www\yii\framework\web\CBaseController.php(95): CBaseController->renderInternal('C:\wamp\www\nas...', Array, false)
#4 C:\wamp\www\yii\framework\zii\widgets\CListView.php(291): CBaseController->renderFile('C:\wamp\www\nas...', Array)
#5 C:\wamp\www\yii\framework\zii\widgets\CBaseListView.php(167): CListView->renderItems()
#6 [internal function]: CBaseListView->renderSection(Array)
#7 C:\wamp\www\yii\framework\zii\widgets\CBaseListView.php(150): preg_replace_callback('/{(\w+)}/', Array, '{summary}?{sort...')
#8 C:\wamp\www\yii\framework\zii\widgets\CBaseListView.php(135): CBaseListView->renderContent()
#9 C:\wamp\www\yii\framework\web\CBaseController.php(173): CBaseListView->run()
#10 C:\wamp\www\naserian\protected\views\user\index.php(20): CBaseController->widget('zii.widgets.CLi...', Array)
#11 C:\wamp\www\yii\framework\web\CBaseController.php(126): require('C:\wamp\www\nas...')
#12 C:\wamp\www\yii\framework\web\CBaseController.php(95): CBaseController->renderInternal('C:\wamp\www\nas...', Array, true)
#13 C:\wamp\www\yii\framework\web\CController.php(869): CBaseController->renderFile('C:\wamp\www\nas...', Array, true)
#14 C:\wamp\www\yii\framework\web\CController.php(782): CController->renderPartial('index', Array, true)
#15 C:\wamp\www\naserian\protected\controllers\UserController.php(128): CController->render('index', Array)
#16 C:\wamp\www\yii\framework\web\actions\CInlineAction.php(49): UserController->actionIndex()
#17 C:\wamp\www\yii\framework\web\CController.php(308): CInlineAction->runWithParams(Array)
#18 C:\wamp\www\yii\framework\web\filters\CFilterChain.php(133): CController->runAction(Object(CInlineAction))
#19 C:\wamp\www\yii\framework\web\filters\CFilter.php(40): CFilterChain->run()
#20 C:\wamp\www\yii\framework\web\CController.php(1145): CFilter->filter(Object(CFilterChain))
#21 C:\wamp\www\yii\framework\web\filters\CInlineFilter.php(58): CController->filterAccessControl(Object(CFilterChain))
#22 C:\wamp\www\yii\framework\web\filters\CFilterChain.php(130): CInlineFilter->filter(Object(CFilterChain))
#23 C:\wamp\www\yii\framework\web\CController.php(291): CFilterChain->run()
#24 C:\wamp\www\yii\framework\web\CController.php(265): CController->runActionWithFilters(Object(CInlineAction), Array)
#25 C:\wamp\www\yii\framework\web\CWebApplication.php(282): CController->run('')
#26 C:\wamp\www\yii\framework\web\CWebApplication.php(141): CWebApplication->runController('user')
#27 C:\wamp\www\yii\framework\base\CApplication.php(180): CWebApplication->processRequest()
#28 C:\wamp\www\naserian\index.php(13): CApplication->run()
#29 {main}
REQUEST_URI=/naserian/index.php?r=user
HTTP_REFERER=http://localhost/naserian/index.php?r=gii/crud/index
---
2014/07/19 08:19:37 [error] [php] Undefined variable: model (C:\wamp\www\naserian\protected\views\site\index.php:18)
Stack trace:
#0 C:\wamp\www\yii\framework\web\CController.php(869): SiteController->renderFile()
#1 C:\wamp\www\yii\framework\web\CController.php(782): SiteController->renderPartial()
#2 C:\wamp\www\naserian\protected\controllers\SiteController.php(32): SiteController->render()
#3 C:\wamp\www\yii\framework\web\actions\CInlineAction.php(49): SiteController->actionIndex()
#4 C:\wamp\www\yii\framework\web\CController.php(308): CInlineAction->runWithParams()
#5 C:\wamp\www\yii\framework\web\CController.php(286): SiteController->runAction()
#6 C:\wamp\www\yii\framework\web\CController.php(265): SiteController->runActionWithFilters()
#7 C:\wamp\www\yii\framework\web\CWebApplication.php(282): SiteController->run()
#8 C:\wamp\www\yii\framework\web\CWebApplication.php(141): CWebApplication->runController()
#9 C:\wamp\www\yii\framework\base\CApplication.php(180): CWebApplication->processRequest()
#10 C:\wamp\www\naserian\index.php(13): CWebApplication->run()
REQUEST_URI=/naserian/
in C:\wamp\www\naserian\protected\views\site\index.php (18)
in C:\wamp\www\naserian\protected\controllers\SiteController.php (32)
in C:\wamp\www\naserian\index.php (13)
2014/07/21 09:25:38 [error] [exception.CException] exception 'CException' with message 'Property "CAttributeCollection.datePickerFormat" is not defined.' in C:\wamp\www\yii\framework\base\CComponent.php:130
Stack trace:
#0 C:\wamp\www\yii\framework\collections\CAttributeCollection.php(51): CComponent->__get('datePickerForma...')
#1 C:\wamp\www\naserian\protected\views\reservationDetails\_form.php(43): CAttributeCollection->__get('datePickerForma...')
#2 C:\wamp\www\yii\framework\web\CBaseController.php(126): require('C:\wamp\www\nas...')
#3 C:\wamp\www\yii\framework\web\CBaseController.php(95): CBaseController->renderInternal('C:\wamp\www\nas...', Array, true)
#4 C:\wamp\www\yii\framework\web\CController.php(869): CBaseController->renderFile('C:\wamp\www\nas...', Array, true)
#5 C:\wamp\www\naserian\protected\views\reservationDetails\create.php(18): CController->renderPartial('_form', Array)
#6 C:\wamp\www\yii\framework\web\CBaseController.php(126): require('C:\wamp\www\nas...')
#7 C:\wamp\www\yii\framework\web\CBaseController.php(95): CBaseController->renderInternal('C:\wamp\www\nas...', Array, true)
#8 C:\wamp\www\yii\framework\web\CController.php(869): CBaseController->renderFile('C:\wamp\www\nas...', Array, true)
#9 C:\wamp\www\yii\framework\web\CController.php(782): CController->renderPartial('create', Array, true)
#10 C:\wamp\www\naserian\protected\controllers\ReservationDetailsController.php(79): CController->render('create', Array)
#11 C:\wamp\www\yii\framework\web\actions\CInlineAction.php(49): ReservationDetailsController->actionCreate()
#12 C:\wamp\www\yii\framework\web\CController.php(308): CInlineAction->runWithParams(Array)
#13 C:\wamp\www\yii\framework\web\filters\CFilterChain.php(133): CController->runAction(Object(CInlineAction))
#14 C:\wamp\www\yii\framework\web\filters\CFilter.php(40): CFilterChain->run()
#15 C:\wamp\www\yii\framework\web\CController.php(1145): CFilter->filter(Object(CFilterChain))
#16 C:\wamp\www\yii\framework\web\filters\CInlineFilter.php(58): CController->filterAccessControl(Object(CFilterChain))
#17 C:\wamp\www\yii\framework\web\filters\CFilterChain.php(130): CInlineFilter->filter(Object(CFilterChain))
#18 C:\wamp\www\yii\framework\web\CController.php(291): CFilterChain->run()
#19 C:\wamp\www\yii\framework\web\CController.php(265): CController->runActionWithFilters(Object(CInlineAction), Array)
#20 C:\wamp\www\yii\framework\web\CWebApplication.php(282): CController->run('create')
#21 C:\wamp\www\yii\framework\web\CWebApplication.php(141): CWebApplication->runController('reservationDeta...')
#22 C:\wamp\www\yii\framework\base\CApplication.php(180): CWebApplication->processRequest()
#23 C:\wamp\www\naserian\index.php(13): CApplication->run()
#24 {main}
REQUEST_URI=/naserian/index.php/reservationDetails/create
---
2014/07/21 09:30:22 [error] [exception.CException] exception 'CException' with message 'Property "ReservationDetails.date_from" is not defined.' in C:\wamp\www\yii\framework\base\CComponent.php:130
Stack trace:
#0 C:\wamp\www\yii\framework\db\ar\CActiveRecord.php(145): CComponent->__get('date_from')
#1 C:\wamp\www\yii\framework\web\helpers\CHtml.php(2529): CActiveRecord->__get('date_from')
#2 C:\wamp\www\yii\framework\web\helpers\CHtml.php(2252): CHtml::resolveValue(Object(ReservationDetails), 'date_from')
#3 C:\wamp\www\yii\framework\web\helpers\CHtml.php(1434): CHtml::activeInputField('text', Object(ReservationDetails), 'date_from', Array)
#4 C:\wamp\www\yii\framework\zii\widgets\jui\CJuiDatePicker.php(84): CHtml::activeTextField(Object(ReservationDetails), 'date_from', Array)
#5 C:\wamp\www\yii\framework\web\CBaseController.php(173): CJuiDatePicker->run()
#6 C:\wamp\www\naserian\protected\views\reservationDetails\_form.php(45): CBaseController->widget('zii.widgets.jui...', Array)
#7 C:\wamp\www\yii\framework\web\CBaseController.php(126): require('C:\wamp\www\nas...')
#8 C:\wamp\www\yii\framework\web\CBaseController.php(95): CBaseController->renderInternal('C:\wamp\www\nas...', Array, true)
#9 C:\wamp\www\yii\framework\web\CController.php(869): CBaseController->renderFile('C:\wamp\www\nas...', Array, true)
#10 C:\wamp\www\naserian\protected\views\reservationDetails\create.php(18): CController->renderPartial('_form', Array)
#11 C:\wamp\www\yii\framework\web\CBaseController.php(126): require('C:\wamp\www\nas...')
#12 C:\wamp\www\yii\framework\web\CBaseController.php(95): CBaseController->renderInternal('C:\wamp\www\nas...', Array, true)
#13 C:\wamp\www\yii\framework\web\CController.php(869): CBaseController->renderFile('C:\wamp\www\nas...', Array, true)
#14 C:\wamp\www\yii\framework\web\CController.php(782): CController->renderPartial('create', Array, true)
#15 C:\wamp\www\naserian\protected\controllers\ReservationDetailsController.php(79): CController->render('create', Array)
#16 C:\wamp\www\yii\framework\web\actions\CInlineAction.php(49): ReservationDetailsController->actionCreate()
#17 C:\wamp\www\yii\framework\web\CController.php(308): CInlineAction->runWithParams(Array)
#18 C:\wamp\www\yii\framework\web\filters\CFilterChain.php(133): CController->runAction(Object(CInlineAction))
#19 C:\wamp\www\yii\framework\web\filters\CFilter.php(40): CFilterChain->run()
#20 C:\wamp\www\yii\framework\web\CController.php(1145): CFilter->filter(Object(CFilterChain))
#21 C:\wamp\www\yii\framework\web\filters\CInlineFilter.php(58): CController->filterAccessControl(Object(CFilterChain))
#22 C:\wamp\www\yii\framework\web\filters\CFilterChain.php(130): CInlineFilter->filter(Object(CFilterChain))
#23 C:\wamp\www\yii\framework\web\CController.php(291): CFilterChain->run()
#24 C:\wamp\www\yii\framework\web\CController.php(265): CController->runActionWithFilters(Object(CInlineAction), Array)
#25 C:\wamp\www\yii\framework\web\CWebApplication.php(282): CController->run('create')
#26 C:\wamp\www\yii\framework\web\CWebApplication.php(141): CWebApplication->runController('reservationDeta...')
#27 C:\wamp\www\yii\framework\base\CApplication.php(180): CWebApplication->processRequest()
#28 C:\wamp\www\naserian\index.php(13): CApplication->run()
#29 {main}
REQUEST_URI=/naserian/index.php/reservationDetails/create
---
2014/07/21 09:38:12 [error] [exception.CException] exception 'CException' with message 'Property "CAttributeCollection.datePickerFormat" is not defined.' in C:\wamp\www\yii\framework\base\CComponent.php:130
Stack trace:
#0 C:\wamp\www\yii\framework\collections\CAttributeCollection.php(51): CComponent->__get('datePickerForma...')
#1 C:\wamp\www\naserian\protected\views\reservationDetails\_form.php(43): CAttributeCollection->__get('datePickerForma...')
#2 C:\wamp\www\yii\framework\web\CBaseController.php(126): require('C:\wamp\www\nas...')
#3 C:\wamp\www\yii\framework\web\CBaseController.php(95): CBaseController->renderInternal('C:\wamp\www\nas...', Array, true)
#4 C:\wamp\www\yii\framework\web\CController.php(869): CBaseController->renderFile('C:\wamp\www\nas...', Array, true)
#5 C:\wamp\www\naserian\protected\views\reservationDetails\create.php(18): CController->renderPartial('_form', Array)
#6 C:\wamp\www\yii\framework\web\CBaseController.php(126): require('C:\wamp\www\nas...')
#7 C:\wamp\www\yii\framework\web\CBaseController.php(95): CBaseController->renderInternal('C:\wamp\www\nas...', Array, true)
#8 C:\wamp\www\yii\framework\web\CController.php(869): CBaseController->renderFile('C:\wamp\www\nas...', Array, true)
#9 C:\wamp\www\yii\framework\web\CController.php(782): CController->renderPartial('create', Array, true)
#10 C:\wamp\www\naserian\protected\controllers\ReservationDetailsController.php(79): CController->render('create', Array)
#11 C:\wamp\www\yii\framework\web\actions\CInlineAction.php(49): ReservationDetailsController->actionCreate()
#12 C:\wamp\www\yii\framework\web\CController.php(308): CInlineAction->runWithParams(Array)
#13 C:\wamp\www\yii\framework\web\filters\CFilterChain.php(133): CController->runAction(Object(CInlineAction))
#14 C:\wamp\www\yii\framework\web\filters\CFilter.php(40): CFilterChain->run()
#15 C:\wamp\www\yii\framework\web\CController.php(1145): CFilter->filter(Object(CFilterChain))
#16 C:\wamp\www\yii\framework\web\filters\CInlineFilter.php(58): CController->filterAccessControl(Object(CFilterChain))
#17 C:\wamp\www\yii\framework\web\filters\CFilterChain.php(130): CInlineFilter->filter(Object(CFilterChain))
#18 C:\wamp\www\yii\framework\web\CController.php(291): CFilterChain->run()
#19 C:\wamp\www\yii\framework\web\CController.php(265): CController->runActionWithFilters(Object(CInlineAction), Array)
#20 C:\wamp\www\yii\framework\web\CWebApplication.php(282): CController->run('create')
#21 C:\wamp\www\yii\framework\web\CWebApplication.php(141): CWebApplication->runController('reservationDeta...')
#22 C:\wamp\www\yii\framework\base\CApplication.php(180): CWebApplication->processRequest()
#23 C:\wamp\www\naserian\index.php(13): CApplication->run()
#24 {main}
REQUEST_URI=/naserian/index.php/reservationDetails/create
---
2014/07/21 10:29:19 [error] [exception.CException] exception 'CException' with message 'Property "CAttributeCollection.datePickerFormat" is not defined.' in C:\wamp\www\yii\framework\base\CComponent.php:130
Stack trace:
#0 C:\wamp\www\yii\framework\collections\CAttributeCollection.php(51): CComponent->__get('datePickerForma...')
#1 C:\wamp\www\naserian\protected\views\reservationDetails\_form.php(43): CAttributeCollection->__get('datePickerForma...')
#2 C:\wamp\www\yii\framework\web\CBaseController.php(126): require('C:\wamp\www\nas...')
#3 C:\wamp\www\yii\framework\web\CBaseController.php(95): CBaseController->renderInternal('C:\wamp\www\nas...', Array, true)
#4 C:\wamp\www\yii\framework\web\CController.php(869): CBaseController->renderFile('C:\wamp\www\nas...', Array, true)
#5 C:\wamp\www\naserian\protected\views\reservationDetails\create.php(18): CController->renderPartial('_form', Array)
#6 C:\wamp\www\yii\framework\web\CBaseController.php(126): require('C:\wamp\www\nas...')
#7 C:\wamp\www\yii\framework\web\CBaseController.php(95): CBaseController->renderInternal('C:\wamp\www\nas...', Array, true)
#8 C:\wamp\www\yii\framework\web\CController.php(869): CBaseController->renderFile('C:\wamp\www\nas...', Array, true)
#9 C:\wamp\www\yii\framework\web\CController.php(782): CController->renderPartial('create', Array, true)
#10 C:\wamp\www\naserian\protected\controllers\ReservationDetailsController.php(79): CController->render('create', Array)
#11 C:\wamp\www\yii\framework\web\actions\CInlineAction.php(49): ReservationDetailsController->actionCreate()
#12 C:\wamp\www\yii\framework\web\CController.php(308): CInlineAction->runWithParams(Array)
#13 C:\wamp\www\yii\framework\web\filters\CFilterChain.php(133): CController->runAction(Object(CInlineAction))
#14 C:\wamp\www\yii\framework\web\filters\CFilter.php(40): CFilterChain->run()
#15 C:\wamp\www\yii\framework\web\CController.php(1145): CFilter->filter(Object(CFilterChain))
#16 C:\wamp\www\yii\framework\web\filters\CInlineFilter.php(58): CController->filterAccessControl(Object(CFilterChain))
#17 C:\wamp\www\yii\framework\web\filters\CFilterChain.php(130): CInlineFilter->filter(Object(CFilterChain))
#18 C:\wamp\www\yii\framework\web\CController.php(291): CFilterChain->run()
#19 C:\wamp\www\yii\framework\web\CController.php(265): CController->runActionWithFilters(Object(CInlineAction), Array)
#20 C:\wamp\www\yii\framework\web\CWebApplication.php(282): CController->run('create')
#21 C:\wamp\www\yii\framework\web\CWebApplication.php(141): CWebApplication->runController('reservationDeta...')
#22 C:\wamp\www\yii\framework\base\CApplication.php(180): CWebApplication->processRequest()
#23 C:\wamp\www\naserian\index.php(13): CApplication->run()
#24 {main}
REQUEST_URI=/naserian/index.php/reservationDetails/create
---
2014/07/21 10:41:56 [error] [exception.CException] exception 'CException' with message 'Alias "application.extensions.CAdvancedArBehavior" is invalid. Make sure it points to an existing PHP file and the file is readable.' in C:\wamp\www\yii\framework\YiiBase.php:322
Stack trace:
#0 C:\wamp\www\yii\framework\YiiBase.php(196): YiiBase::import('application.ext...', true)
#1 C:\wamp\www\yii\framework\base\CComponent.php(329): YiiBase::createComponent(Array)
#2 C:\wamp\www\yii\framework\base\CComponent.php(298): CComponent->attachBehavior('CAdvancedArBeha...', Array)
#3 C:\wamp\www\yii\framework\db\ar\CActiveRecord.php(83): CComponent->attachBehaviors(Array)
#4 C:\wamp\www\naserian\protected\controllers\ReservationDetailsController.php(65): CActiveRecord->__construct()
#5 C:\wamp\www\yii\framework\web\actions\CInlineAction.php(49): ReservationDetailsController->actionCreate()
#6 C:\wamp\www\yii\framework\web\CController.php(308): CInlineAction->runWithParams(Array)
#7 C:\wamp\www\yii\framework\web\filters\CFilterChain.php(133): CController->runAction(Object(CInlineAction))
#8 C:\wamp\www\yii\framework\web\filters\CFilter.php(40): CFilterChain->run()
#9 C:\wamp\www\yii\framework\web\CController.php(1145): CFilter->filter(Object(CFilterChain))
#10 C:\wamp\www\yii\framework\web\filters\CInlineFilter.php(58): CController->filterAccessControl(Object(CFilterChain))
#11 C:\wamp\www\yii\framework\web\filters\CFilterChain.php(130): CInlineFilter->filter(Object(CFilterChain))
#12 C:\wamp\www\yii\framework\web\CController.php(291): CFilterChain->run()
#13 C:\wamp\www\yii\framework\web\CController.php(265): CController->runActionWithFilters(Object(CInlineAction), Array)
#14 C:\wamp\www\yii\framework\web\CWebApplication.php(282): CController->run('create')
#15 C:\wamp\www\yii\framework\web\CWebApplication.php(141): CWebApplication->runController('reservationDeta...')
#16 C:\wamp\www\yii\framework\base\CApplication.php(180): CWebApplication->processRequest()
#17 C:\wamp\www\naserian\index.php(13): CApplication->run()
#18 {main}
REQUEST_URI=/naserian/index.php/reservationDetails/create
---
2014/07/21 10:45:29 [error] [exception.CException] exception 'CException' with message 'Alias "application.extensions.CAdvancedArBehavior" is invalid. Make sure it points to an existing PHP file and the file is readable.' in C:\wamp\www\yii\framework\YiiBase.php:322
Stack trace:
#0 C:\wamp\www\yii\framework\YiiBase.php(196): YiiBase::import('application.ext...', true)
#1 C:\wamp\www\yii\framework\base\CComponent.php(329): YiiBase::createComponent(Array)
#2 C:\wamp\www\yii\framework\base\CComponent.php(298): CComponent->attachBehavior('CAdvancedArBeha...', Array)
#3 C:\wamp\www\yii\framework\db\ar\CActiveRecord.php(83): CComponent->attachBehaviors(Array)
#4 C:\wamp\www\naserian\protected\controllers\ReservationDetailsController.php(65): CActiveRecord->__construct()
#5 C:\wamp\www\yii\framework\web\actions\CInlineAction.php(49): ReservationDetailsController->actionCreate()
#6 C:\wamp\www\yii\framework\web\CController.php(308): CInlineAction->runWithParams(Array)
#7 C:\wamp\www\yii\framework\web\filters\CFilterChain.php(133): CController->runAction(Object(CInlineAction))
#8 C:\wamp\www\yii\framework\web\filters\CFilter.php(40): CFilterChain->run()
#9 C:\wamp\www\yii\framework\web\CController.php(1145): CFilter->filter(Object(CFilterChain))
#10 C:\wamp\www\yii\framework\web\filters\CInlineFilter.php(58): CController->filterAccessControl(Object(CFilterChain))
#11 C:\wamp\www\yii\framework\web\filters\CFilterChain.php(130): CInlineFilter->filter(Object(CFilterChain))
#12 C:\wamp\www\yii\framework\web\CController.php(291): CFilterChain->run()
#13 C:\wamp\www\yii\framework\web\CController.php(265): CController->runActionWithFilters(Object(CInlineAction), Array)
#14 C:\wamp\www\yii\framework\web\CWebApplication.php(282): CController->run('create')
#15 C:\wamp\www\yii\framework\web\CWebApplication.php(141): CWebApplication->runController('reservationDeta...')
#16 C:\wamp\www\yii\framework\base\CApplication.php(180): CWebApplication->processRequest()
#17 C:\wamp\www\naserian\index.php(13): CApplication->run()
#18 {main}
REQUEST_URI=/naserian/index.php/reservationDetails/create
---
2014/07/21 10:45:31 [error] [exception.CException] exception 'CException' with message 'Alias "application.extensions.CAdvancedArBehavior" is invalid. Make sure it points to an existing PHP file and the file is readable.' in C:\wamp\www\yii\framework\YiiBase.php:322
Stack trace:
#0 C:\wamp\www\yii\framework\YiiBase.php(196): YiiBase::import('application.ext...', true)
#1 C:\wamp\www\yii\framework\base\CComponent.php(329): YiiBase::createComponent(Array)
#2 C:\wamp\www\yii\framework\base\CComponent.php(298): CComponent->attachBehavior('CAdvancedArBeha...', Array)
#3 C:\wamp\www\yii\framework\db\ar\CActiveRecord.php(83): CComponent->attachBehaviors(Array)
#4 C:\wamp\www\naserian\protected\controllers\ReservationDetailsController.php(65): CActiveRecord->__construct()
#5 C:\wamp\www\yii\framework\web\actions\CInlineAction.php(49): ReservationDetailsController->actionCreate()
#6 C:\wamp\www\yii\framework\web\CController.php(308): CInlineAction->runWithParams(Array)
#7 C:\wamp\www\yii\framework\web\filters\CFilterChain.php(133): CController->runAction(Object(CInlineAction))
#8 C:\wamp\www\yii\framework\web\filters\CFilter.php(40): CFilterChain->run()
#9 C:\wamp\www\yii\framework\web\CController.php(1145): CFilter->filter(Object(CFilterChain))
#10 C:\wamp\www\yii\framework\web\filters\CInlineFilter.php(58): CController->filterAccessControl(Object(CFilterChain))
#11 C:\wamp\www\yii\framework\web\filters\CFilterChain.php(130): CInlineFilter->filter(Object(CFilterChain))
#12 C:\wamp\www\yii\framework\web\CController.php(291): CFilterChain->run()
#13 C:\wamp\www\yii\framework\web\CController.php(265): CController->runActionWithFilters(Object(CInlineAction), Array)
#14 C:\wamp\www\yii\framework\web\CWebApplication.php(282): CController->run('create')
#15 C:\wamp\www\yii\framework\web\CWebApplication.php(141): CWebApplication->runController('reservationDeta...')
#16 C:\wamp\www\yii\framework\base\CApplication.php(180): CWebApplication->processRequest()
#17 C:\wamp\www\naserian\index.php(13): CApplication->run()
#18 {main}
REQUEST_URI=/naserian/index.php/reservationDetails/create
---
2014/07/22 06:32:04 [error] [exception.CException] exception 'CException' with message 'SiteController cannot find the requested view "login".' in C:\wamp\www\yii\framework\web\CController.php:878
Stack trace:
#0 C:\wamp\www\yii\framework\web\CController.php(782): CController->renderPartial('login', Array, true)
#1 C:\wamp\www\naserian\protected\controllers\SiteController.php(98): CController->render('login', Array)
#2 C:\wamp\www\yii\framework\web\actions\CInlineAction.php(49): SiteController->actionLogin()
#3 C:\wamp\www\yii\framework\web\CController.php(308): CInlineAction->runWithParams(Array)
#4 C:\wamp\www\yii\framework\web\CController.php(286): CController->runAction(Object(CInlineAction))
#5 C:\wamp\www\yii\framework\web\CController.php(265): CController->runActionWithFilters(Object(CInlineAction), Array)
#6 C:\wamp\www\yii\framework\web\CWebApplication.php(282): CController->run('login')
#7 C:\wamp\www\yii\framework\web\CWebApplication.php(141): CWebApplication->runController('site/login')
#8 C:\wamp\www\yii\framework\base\CApplication.php(180): CWebApplication->processRequest()
#9 C:\wamp\www\naserian\index.php(13): CApplication->run()
#10 {main}
REQUEST_URI=/naserian/index.php/site/login
HTTP_REFERER=http://localhost/naserian/
---
2014/07/22 07:56:31 [error] [php] Undefined variable: select (C:\wamp\www\naserian\protected\views\reservationDetails\_form.php:71)
Stack trace:
#0 C:\wamp\www\yii\framework\web\CController.php(869): ReservationDetailsController->renderFile()
#1 C:\wamp\www\naserian\protected\views\reservationDetails\create.php(22): ReservationDetailsController->renderPartial()
#2 C:\wamp\www\yii\framework\web\CBaseController.php(126): require()
#3 C:\wamp\www\yii\framework\web\CBaseController.php(95): ReservationDetailsController->renderInternal()
#4 C:\wamp\www\yii\framework\web\CController.php(869): ReservationDetailsController->renderFile()
#5 C:\wamp\www\yii\framework\web\CController.php(782): ReservationDetailsController->renderPartial()
#6 C:\wamp\www\naserian\protected\controllers\ReservationDetailsController.php(79): ReservationDetailsController->render()
#7 C:\wamp\www\yii\framework\web\actions\CInlineAction.php(49): ReservationDetailsController->actionCreate()
#8 C:\wamp\www\yii\framework\web\CController.php(308): CInlineAction->runWithParams()
#9 C:\wamp\www\yii\framework\web\filters\CFilterChain.php(133): ReservationDetailsController->runAction()
#10 C:\wamp\www\yii\framework\web\filters\CFilter.php(40): CFilterChain->run()
#11 C:\wamp\www\yii\framework\web\CController.php(1145): CAccessControlFilter->filter()
#12 C:\wamp\www\yii\framework\web\filters\CInlineFilter.php(58): ReservationDetailsController->filterAccessControl()
#13 C:\wamp\www\yii\framework\web\filters\CFilterChain.php(130): CInlineFilter->filter()
#14 C:\wamp\www\yii\framework\web\CController.php(291): CFilterChain->run()
#15 C:\wamp\www\yii\framework\web\CController.php(265): ReservationDetailsController->runActionWithFilters()
#16 C:\wamp\www\yii\framework\web\CWebApplication.php(282): ReservationDetailsController->run()
#17 C:\wamp\www\yii\framework\web\CWebApplication.php(141): CWebApplication->runController()
#18 C:\wamp\www\yii\framework\base\CApplication.php(180): CWebApplication->processRequest()
#19 C:\wamp\www\naserian\index.php(13): CWebApplication->run()
REQUEST_URI=/naserian/index.php/reservationDetails/create
in C:\wamp\www\naserian\protected\views\reservationDetails\_form.php (71)
in C:\wamp\www\naserian\protected\views\reservationDetails\create.php (22)
in C:\wamp\www\naserian\protected\controllers\ReservationDetailsController.php (79)
2014/07/22 08:19:41 [warning] [application] Failed to set unsafe attribute "children" of "ReservationDetails".
in C:\wamp\www\naserian\protected\controllers\ReservationDetailsController.php (72)
in C:\wamp\www\naserian\index.php (13)
2014/07/22 16:17:47 [warning] [application] Failed to set unsafe attribute "children" of "ReservationDetails".
in C:\wamp\www\naserian\protected\controllers\ReservationDetailsController.php (72)
in C:\wamp\www\naserian\index.php (13)
2014/07/22 16:38:49 [warning] [application] Failed to set unsafe attribute "children" of "ReservationDetails".
in C:\wamp\www\naserian\protected\controllers\ReservationDetailsController.php (72)
in C:\wamp\www\naserian\index.php (13)
